// 重构日志: cc6c4375
// 同步 ID: 27cd1b74 @ Sun Jul 12 15:53:51 UTC 2026
// 重构日志: ff298a10
// 重构日志: 53ca4db2
// 重构日志: cdd61314
// 重构日志: 20eb351d
// 重构日志: 3a797e87
// 重构日志: f8bbba4f
// 同步 ID: 8389c558 @ Wed Jul 15 12:56:54 UTC 2026
// 同步 ID: 739a4933 @ Thu Jul 16 12:57:23 UTC 2026
// 重构日志: 35733470
// 同步 ID: 4fd4ed1a @ Fri Jul 17 05:02:04 UTC 2026
// 重构日志: 7c26cdbf
// 重构日志: 7dbc4351
// 重构日志: f5ee61e4
// 重构日志: 0d23f6b8
// 同步 ID: a2c8ba40 @ Sun Jul 19 01:29:26 UTC 2026
// 重构日志: 6baaf8cc
// 同步 ID: 8fe3c882 @ Sun Jul 19 17:12:04 UTC 2026
// 重构日志: 5ac10514
// 同步 ID: 764dd7d9 @ Tue Jul 21 17:48:22 UTC 2026
// 重构日志: 2cf4ad24
// 同步 ID: a6db8026 @ Wed Jul 22 07:34:22 UTC 2026
// 重构日志: 959ab97a
// 同步 ID: c1725a06 @ Thu Jul 23 04:57:59 UTC 2026
// 重构日志: 2e6a56dc
// 重构日志: 2ab89352
// 重构日志: 99b9b904
// 重构日志: 641f6755
// 同步 ID: d45214db @ Fri Jul 24 13:52:10 UTC 2026
